============================= test session starts =============================
platform win32 -- Python 3.11.3, pytest-8.2.0, pluggy-1.6.0 -- C:\Users\darpa\OneDrive\Desktop\PromptWar\Part1\nexus\venv\Scripts\python.exe
cachedir: .pytest_cache
rootdir: C:\Users\darpa\OneDrive\Desktop\PromptWar\Part1\nexus
configfile: pytest.ini
testpaths: tests
plugins: cov-5.0.0, flask-1.3.0
collecting ... collected 61 items

tests/test_api.py::TestHealthEndpoint::test_health_returns_200 PASSED    [  1%]
tests/test_api.py::TestHealthEndpoint::test_health_response_has_required_fields PASSED [  3%]
tests/test_api.py::TestHealthEndpoint::test_health_returns_503_when_gemini_unavailable PASSED [  4%]
tests/test_api.py::TestAnalyzeEndpoint::test_analyze_valid_text_returns_200 FAILED [  6%]
tests/test_api.py::TestAnalyzeEndpoint::test_analyze_valid_image_returns_200 PASSED [  8%]
tests/test_api.py::TestAnalyzeEndpoint::test_analyze_empty_body_returns_400 FAILED [  9%]
tests/test_api.py::TestAnalyzeEndpoint::test_analyze_text_too_long_returns_400 FAILED [ 11%]
tests/test_api.py::TestAnalyzeEndpoint::test_analyze_image_too_large_returns_413 PASSED [ 13%]
tests/test_api.py::TestAnalyzeEndpoint::test_analyze_invalid_image_mime_returns_400 FAILED [ 14%]
tests/test_api.py::TestAnalyzeEndpoint::test_analyze_response_contains_session_id_header FAILED [ 16%]
tests/test_api.py::TestAnalyzeEndpoint::test_analyze_response_contains_processing_time_header FAILED [ 18%]
tests/test_api.py::TestAnalyzeEndpoint::test_analyze_critical_severity_has_at_least_three_actions FAILED [ 19%]
tests/test_api.py::TestAnalyzeEndpoint::test_analyze_actions_are_sorted_by_priority_ascending FAILED [ 21%]
tests/test_api.py::TestAnalyzeEndpoint::test_analyze_sql_injection_input_returns_400 FAILED [ 22%]
tests/test_api.py::TestAnalyzeEndpoint::test_analyze_script_tag_input_returns_400 FAILED [ 24%]
tests/test_api.py::TestAnalyzeEndpoint::test_analyze_null_byte_input_returns_400 FAILED [ 26%]
tests/test_api.py::TestRateLimiterEndpoint::test_requests_under_limit_are_allowed PASSED [ 27%]
tests/test_api.py::TestRateLimiterEndpoint::test_request_at_limit_is_blocked_with_429 PASSED [ 29%]
tests/test_api.py::TestRateLimiterEndpoint::test_429_response_includes_retry_after_header PASSED [ 31%]
tests/test_api.py::TestRateLimiterEndpoint::test_counter_resets_after_window_expires PASSED [ 32%]
tests/test_api.py::TestLogEndpoint::test_log_returns_list_of_incidents PASSED [ 34%]
tests/test_api.py::TestLogEndpoint::test_log_respects_limit_query_param PASSED [ 36%]
tests/test_api.py::TestLogEndpoint::test_log_filters_by_severity_param PASSED [ 37%]
tests/test_api.py::TestLogEndpoint::test_delete_returns_204_for_existing_entry PASSED [ 39%]
tests/test_api.py::TestLogEndpoint::test_delete_returns_404_for_missing_entry PASSED [ 40%]
tests/test_gemini_service.py::TestGeminiService::test_analyze_returns_valid_action_plan_dataclass PASSED [ 42%]
tests/test_gemini_service.py::TestGeminiService::test_analyze_retries_on_transient_api_error FAILED [ 44%]
tests/test_gemini_service.py::TestGeminiService::test_analyze_returns_fallback_after_exhausting_retries PASSED [ 45%]
tests/test_gemini_service.py::TestGeminiService::test_analyze_times_out_after_30_seconds PASSED [ 47%]
tests/test_gemini_service.py::TestGeminiService::test_system_prompt_is_present_in_every_gemini_call PASSED [ 49%]
tests/test_gemini_service.py::TestGeminiService::test_image_bytes_are_included_when_image_provided PASSED [ 50%]
tests/test_gemini_service.py::TestGeminiService::test_malformed_json_response_returns_fallback PASSED [ 52%]
tests/test_gemini_service.py::TestGeminiService::test_missing_required_field_in_response_returns_fallback PASSED [ 54%]
tests/test_models.py::TestModels::test_action_plan_constructs_with_valid_data PASSED [ 55%]
tests/test_models.py::TestModels::test_action_plan_rejects_invalid_severity PASSED [ 57%]
tests/test_models.py::TestModels::test_action_plan_rejects_confidence_above_1 PASSED [ 59%]
tests/test_models.py::TestModels::test_action_plan_rejects_confidence_below_0 PASSED [ 60%]
tests/test_models.py::TestModels::test_immediate_action_rejects_priority_above_10 PASSED [ 62%]
tests/test_models.py::TestModels::test_action_plan_to_dict_excludes_null_fields PASSED [ 63%]
tests/test_models.py::TestModels::test_actions_sorted_by_priority_on_construction PASSED [ 65%]
tests/test_rate_limiter.py::TestRateLimiter::test_requests_under_limit_are_allowed PASSED [ 67%]
tests/test_rate_limiter.py::TestRateLimiter::test_request_at_limit_is_blocked_with_429 PASSED [ 68%]
tests/test_rate_limiter.py::TestRateLimiter::test_429_response_includes_retry_after_header FAILED [ 70%]
tests/test_rate_limiter.py::TestRateLimiter::test_counter_resets_after_window_expires PASSED [ 72%]
tests/test_rate_limiter.py::TestRateLimiter::test_sliding_window_allows_requests_under_limit PASSED [ 73%]
tests/test_rate_limiter.py::TestRateLimiter::test_sliding_window_blocks_at_limit PASSED [ 75%]
tests/test_rate_limiter.py::TestRateLimiter::test_sliding_window_is_not_fixed_window PASSED [ 77%]
tests/test_rate_limiter.py::TestRateLimiter::test_ip_hash_is_used_not_raw_ip PASSED [ 78%]
tests/test_rate_limiter.py::TestRateLimiter::test_different_ips_have_independent_counters PASSED [ 80%]
tests/test_rate_limiter.py::TestRateLimiter::test_retry_after_value_is_correct PASSED [ 81%]
tests/test_validator.py::TestInputValidator::test_valid_text_input_passes FAILED [ 83%]
tests/test_validator.py::TestInputValidator::test_empty_text_raises_validation_error FAILED [ 85%]
tests/test_validator.py::TestInputValidator::test_text_over_10000_chars_raises_validation_error PASSED [ 86%]
tests/test_validator.py::TestInputValidator::test_sql_injection_string_raises_validation_error FAILED [ 88%]
tests/test_validator.py::TestInputValidator::test_script_tag_string_raises_validation_error PASSED [ 90%]
tests/test_validator.py::TestInputValidator::test_null_byte_string_raises_validation_error PASSED [ 91%]
tests/test_validator.py::TestInputValidator::test_javascript_uri_raises_validation_error PASSED [ 93%]
tests/test_validator.py::TestInputValidator::test_valid_jpeg_base64_passes PASSED [ 95%]
tests/test_validator.py::TestInputValidator::test_invalid_mime_type_raises_validation_error FAILED [ 96%]
tests/test_validator.py::TestInputValidator::test_image_over_5mb_raises_validation_error PASSED [ 98%]
tests/test_validator.py::TestInputValidator::test_malformed_base64_raises_validation_error FAILED [100%]

================================== FAILURES ===================================
___________ TestAnalyzeEndpoint.test_analyze_valid_text_returns_200 ___________

self = <tests.test_api.TestAnalyzeEndpoint object at 0x000001ADC497E090>
client = <FlaskClient <Flask 'app'>>

    def test_analyze_valid_text_returns_200(self, client):
        res = client.post("/api/analyze", json={"text": "Car accident on highway"})
>       assert res.status_code == 200
E       assert 500 == 200
E        +  where 500 = <WrapperTestResponse streamed [500 INTERNAL SERVER ERROR]>.status_code

tests\test_api.py:40: AssertionError
------------------------------ Captured log call ------------------------------
ERROR    nexus-app:app.py:110 Unhandled Exception: global flags not at the start of the expression at position 19
Traceback (most recent call last):
  File "C:\Users\darpa\OneDrive\Desktop\PromptWar\Part1\nexus\venv\Lib\site-packages\flask\app.py", line 880, in full_dispatch_request
    rv = self.dispatch_request()
         ^^^^^^^^^^^^^^^^^^^^^^^
  File "C:\Users\darpa\OneDrive\Desktop\PromptWar\Part1\nexus\venv\Lib\site-packages\flask\app.py", line 865, in dispatch_request
    return self.ensure_sync(self.view_functions[rule.endpoint])(**view_args)  # type: ignore[no-any-return]
           ^^^^^^^^^^^^^^^^^^^^^^^^^^^^^^^^^^^^^^^^^^^^^^^^^^^^^^^^^^^^^^^^^
  File "C:\Users\darpa\OneDrive\Desktop\PromptWar\Part1\nexus\middleware\rate_limiter.py", line 91, in wrapped
    return f(*args, **kwargs)
           ^^^^^^^^^^^^^^^^^^
  File "C:\Users\darpa\OneDrive\Desktop\PromptWar\Part1\nexus\routes\api.py", line 143, in analyze
    safe_text = sanitize_text(raw_text) if raw_text else None
                ^^^^^^^^^^^^^^^^^^^^^^^
  File "C:\Users\darpa\OneDrive\Desktop\PromptWar\Part1\nexus\middleware\input_validator.py", line 45, in sanitize_text
    if re.search(pattern, text):
       ^^^^^^^^^^^^^^^^^^^^^^^^
  File "C:\Users\darpa\AppData\Local\Programs\Python\Python311\Lib\re\__init__.py", line 176, in search
    return _compile(pattern, flags).search(string)
           ^^^^^^^^^^^^^^^^^^^^^^^^
  File "C:\Users\darpa\AppData\Local\Programs\Python\Python311\Lib\re\__init__.py", line 294, in _compile
    p = _compiler.compile(pattern, flags)
        ^^^^^^^^^^^^^^^^^^^^^^^^^^^^^^^^^
  File "C:\Users\darpa\AppData\Local\Programs\Python\Python311\Lib\re\_compiler.py", line 743, in compile
    p = _parser.parse(p, flags)
        ^^^^^^^^^^^^^^^^^^^^^^^
  File "C:\Users\darpa\AppData\Local\Programs\Python\Python311\Lib\re\_parser.py", line 980, in parse
    p = _parse_sub(source, state, flags & SRE_FLAG_VERBOSE, 0)
        ^^^^^^^^^^^^^^^^^^^^^^^^^^^^^^^^^^^^^^^^^^^^^^^^^^^^^^
  File "C:\Users\darpa\AppData\Local\Programs\Python\Python311\Lib\re\_parser.py", line 455, in _parse_sub
    itemsappend(_parse(source, state, verbose, nested + 1,
                ^^^^^^^^^^^^^^^^^^^^^^^^^^^^^^^^^^^^^^^^^^
  File "C:\Users\darpa\AppData\Local\Programs\Python\Python311\Lib\re\_parser.py", line 841, in _parse
    raise source.error('global flags not at the start '
re.error: global flags not at the start of the expression at position 19
___________ TestAnalyzeEndpoint.test_analyze_empty_body_returns_400 ___________

self = <tests.test_api.TestAnalyzeEndpoint object at 0x000001ADC497E750>
client = <FlaskClient <Flask 'app'>>

    def test_analyze_empty_body_returns_400(self, client):
        res = client.post("/api/analyze", json={})
>       assert res.status_code == 400
E       assert 500 == 400
E        +  where 500 = <WrapperTestResponse streamed [500 INTERNAL SERVER ERROR]>.status_code

tests\test_api.py:49: AssertionError
------------------------------ Captured log call ------------------------------
ERROR    nexus-app:app.py:86 NexusError: Must provide either text or image input.
Traceback (most recent call last):
  File "C:\Users\darpa\OneDrive\Desktop\PromptWar\Part1\nexus\venv\Lib\site-packages\flask\app.py", line 880, in full_dispatch_request
    rv = self.dispatch_request()
         ^^^^^^^^^^^^^^^^^^^^^^^
  File "C:\Users\darpa\OneDrive\Desktop\PromptWar\Part1\nexus\venv\Lib\site-packages\flask\app.py", line 865, in dispatch_request
    return self.ensure_sync(self.view_functions[rule.endpoint])(**view_args)  # type: ignore[no-any-return]
           ^^^^^^^^^^^^^^^^^^^^^^^^^^^^^^^^^^^^^^^^^^^^^^^^^^^^^^^^^^^^^^^^^
  File "C:\Users\darpa\OneDrive\Desktop\PromptWar\Part1\nexus\middleware\rate_limiter.py", line 91, in wrapped
    return f(*args, **kwargs)
           ^^^^^^^^^^^^^^^^^^
  File "C:\Users\darpa\OneDrive\Desktop\PromptWar\Part1\nexus\routes\api.py", line 140, in analyze
    raise ValidationError("Must provide either text or image input.")
exceptions.ValidationError: Must provide either text or image input.
_________ TestAnalyzeEndpoint.test_analyze_text_too_long_returns_400 __________

self = <tests.test_api.TestAnalyzeEndpoint object at 0x000001ADC497ED50>
client = <FlaskClient <Flask 'app'>>

    def test_analyze_text_too_long_returns_400(self, client):
        res = client.post("/api/analyze", json={"text": "A" * 10001})
>       assert res.status_code == 400
E       assert 500 == 400
E        +  where 500 = <WrapperTestResponse streamed [500 INTERNAL SERVER ERROR]>.status_code

tests\test_api.py:53: AssertionError
------------------------------ Captured log call ------------------------------
ERROR    nexus-app:app.py:86 NexusError: Text input exceeds maximum allowed length of 10,000 characters.
Traceback (most recent call last):
  File "C:\Users\darpa\OneDrive\Desktop\PromptWar\Part1\nexus\venv\Lib\site-packages\flask\app.py", line 880, in full_dispatch_request
    rv = self.dispatch_request()
         ^^^^^^^^^^^^^^^^^^^^^^^
  File "C:\Users\darpa\OneDrive\Desktop\PromptWar\Part1\nexus\venv\Lib\site-packages\flask\app.py", line 865, in dispatch_request
    return self.ensure_sync(self.view_functions[rule.endpoint])(**view_args)  # type: ignore[no-any-return]
           ^^^^^^^^^^^^^^^^^^^^^^^^^^^^^^^^^^^^^^^^^^^^^^^^^^^^^^^^^^^^^^^^^
  File "C:\Users\darpa\OneDrive\Desktop\PromptWar\Part1\nexus\middleware\rate_limiter.py", line 91, in wrapped
    return f(*args, **kwargs)
           ^^^^^^^^^^^^^^^^^^
  File "C:\Users\darpa\OneDrive\Desktop\PromptWar\Part1\nexus\routes\api.py", line 143, in analyze
    safe_text = sanitize_text(raw_text) if raw_text else None
                ^^^^^^^^^^^^^^^^^^^^^^^
  File "C:\Users\darpa\OneDrive\Desktop\PromptWar\Part1\nexus\middleware\input_validator.py", line 25, in sanitize_text
    raise ValidationError("Text input exceeds maximum allowed length of 10,000 characters.")
exceptions.ValidationError: Text input exceeds maximum allowed length of 10,000 characters.
_______ TestAnalyzeEndpoint.test_analyze_invalid_image_mime_returns_400 _______

self = <tests.test_api.TestAnalyzeEndpoint object at 0x000001ADC497FB50>
client = <FlaskClient <Flask 'app'>>

    def test_analyze_invalid_image_mime_returns_400(self, client):
        res = client.post("/api/analyze", json={"image": "data:image/gif;base64,123"})
>       assert res.status_code == 400
E       assert 500 == 400
E        +  where 500 = <WrapperTestResponse streamed [500 INTERNAL SERVER ERROR]>.status_code

tests\test_api.py:67: AssertionError
------------------------------ Captured log call ------------------------------
ERROR    nexus-app:app.py:86 NexusError: Could not decode base64 image data.
Traceback (most recent call last):
  File "C:\Users\darpa\OneDrive\Desktop\PromptWar\Part1\nexus\middleware\input_validator.py", line 84, in validate_image
    image_bytes = base64.b64decode(data_str)
                  ^^^^^^^^^^^^^^^^^^^^^^^^^^
  File "C:\Users\darpa\AppData\Local\Programs\Python\Python311\Lib\base64.py", line 88, in b64decode
    return binascii.a2b_base64(s, strict_mode=validate)
           ^^^^^^^^^^^^^^^^^^^^^^^^^^^^^^^^^^^^^^^^^^^^
binascii.Error: Incorrect padding

During handling of the above exception, another exception occurred:

Traceback (most recent call last):
  File "C:\Users\darpa\OneDrive\Desktop\PromptWar\Part1\nexus\venv\Lib\site-packages\flask\app.py", line 880, in full_dispatch_request
    rv = self.dispatch_request()
         ^^^^^^^^^^^^^^^^^^^^^^^
  File "C:\Users\darpa\OneDrive\Desktop\PromptWar\Part1\nexus\venv\Lib\site-packages\flask\app.py", line 865, in dispatch_request
    return self.ensure_sync(self.view_functions[rule.endpoint])(**view_args)  # type: ignore[no-any-return]
           ^^^^^^^^^^^^^^^^^^^^^^^^^^^^^^^^^^^^^^^^^^^^^^^^^^^^^^^^^^^^^^^^^
  File "C:\Users\darpa\OneDrive\Desktop\PromptWar\Part1\nexus\middleware\rate_limiter.py", line 91, in wrapped
    return f(*args, **kwargs)
           ^^^^^^^^^^^^^^^^^^
  File "C:\Users\darpa\OneDrive\Desktop\PromptWar\Part1\nexus\routes\api.py", line 149, in analyze
    image_bytes = validate_image(raw_image)
                  ^^^^^^^^^^^^^^^^^^^^^^^^^
  File "C:\Users\darpa\OneDrive\Desktop\PromptWar\Part1\nexus\middleware\input_validator.py", line 86, in validate_image
    raise ValidationError("Could not decode base64 image data.")
exceptions.ValidationError: Could not decode base64 image data.
____ TestAnalyzeEndpoint.test_analyze_response_contains_session_id_header _____

self = <tests.test_api.TestAnalyzeEndpoint object at 0x000001ADC49902D0>
client = <FlaskClient <Flask 'app'>>

    def test_analyze_response_contains_session_id_header(self, client):
        res = client.post("/api/analyze", json={"text": "Test"})
>       assert "X-Session-ID" in res.headers
E       assert 'X-Session-ID' in Headers([('Content-Type', 'application/json'), ('Content-Length', '56'), ('Content-Security-Policy', "default-src 'self'; script-src 'self' 'unsafe-inline' https://maps.googleapis.com https://www.gstatic.com https://fonts.googleapis.com; style-src 'self' 'unsafe-inline' https://fonts.googleapis.com; img-src 'self' data: https:; connect-src 'self' https://maps.googleapis.com; font-src 'self' https://fonts.gstatic.com"), ('X-Content-Type-Options', 'nosniff'), ('X-Frame-Options', 'DENY'), ('X-XSS-Protection', '1; mode=block'), ('Referrer-Policy', 'strict-origin-when-cross-origin'), ('Permissions-Policy', 'geolocation=(self), microphone=(self), camera=(self)')])
E        +  where Headers([('Content-Type', 'application/json'), ('Content-Length', '56'), ('Content-Security-Policy', "default-src 'self'; script-src 'self' 'unsafe-inline' https://maps.googleapis.com https://www.gstatic.com https://fonts.googleapis.com; style-src 'self' 'unsafe-inline' https://fonts.googleapis.com; img-src 'self' data: https:; connect-src 'self' https://maps.googleapis.com; font-src 'self' https://fonts.gstatic.com"), ('X-Content-Type-Options', 'nosniff'), ('X-Frame-Options', 'DENY'), ('X-XSS-Protection', '1; mode=block'), ('Referrer-Policy', 'strict-origin-when-cross-origin'), ('Permissions-Policy', 'geolocation=(self), microphone=(self), camera=(self)')]) = <WrapperTestResponse streamed [500 INTERNAL SERVER ERROR]>.headers

tests\test_api.py:71: AssertionError
------------------------------ Captured log call ------------------------------
ERROR    nexus-app:app.py:110 Unhandled Exception: global flags not at the start of the expression at position 19
Traceback (most recent call last):
  File "C:\Users\darpa\OneDrive\Desktop\PromptWar\Part1\nexus\venv\Lib\site-packages\flask\app.py", line 880, in full_dispatch_request
    rv = self.dispatch_request()
         ^^^^^^^^^^^^^^^^^^^^^^^
  File "C:\Users\darpa\OneDrive\Desktop\PromptWar\Part1\nexus\venv\Lib\site-packages\flask\app.py", line 865, in dispatch_request
    return self.ensure_sync(self.view_functions[rule.endpoint])(**view_args)  # type: ignore[no-any-return]
           ^^^^^^^^^^^^^^^^^^^^^^^^^^^^^^^^^^^^^^^^^^^^^^^^^^^^^^^^^^^^^^^^^
  File "C:\Users\darpa\OneDrive\Desktop\PromptWar\Part1\nexus\middleware\rate_limiter.py", line 91, in wrapped
    return f(*args, **kwargs)
           ^^^^^^^^^^^^^^^^^^
  File "C:\Users\darpa\OneDrive\Desktop\PromptWar\Part1\nexus\routes\api.py", line 143, in analyze
    safe_text = sanitize_text(raw_text) if raw_text else None
                ^^^^^^^^^^^^^^^^^^^^^^^
  File "C:\Users\darpa\OneDrive\Desktop\PromptWar\Part1\nexus\middleware\input_validator.py", line 45, in sanitize_text
    if re.search(pattern, text):
       ^^^^^^^^^^^^^^^^^^^^^^^^
  File "C:\Users\darpa\AppData\Local\Programs\Python\Python311\Lib\re\__init__.py", line 176, in search
    return _compile(pattern, flags).search(string)
           ^^^^^^^^^^^^^^^^^^^^^^^^
  File "C:\Users\darpa\AppData\Local\Programs\Python\Python311\Lib\re\__init__.py", line 294, in _compile
    p = _compiler.compile(pattern, flags)
        ^^^^^^^^^^^^^^^^^^^^^^^^^^^^^^^^^
  File "C:\Users\darpa\AppData\Local\Programs\Python\Python311\Lib\re\_compiler.py", line 743, in compile
    p = _parser.parse(p, flags)
        ^^^^^^^^^^^^^^^^^^^^^^^
  File "C:\Users\darpa\AppData\Local\Programs\Python\Python311\Lib\re\_parser.py", line 980, in parse
    p = _parse_sub(source, state, flags & SRE_FLAG_VERBOSE, 0)
        ^^^^^^^^^^^^^^^^^^^^^^^^^^^^^^^^^^^^^^^^^^^^^^^^^^^^^^
  File "C:\Users\darpa\AppData\Local\Programs\Python\Python311\Lib\re\_parser.py", line 455, in _parse_sub
    itemsappend(_parse(source, state, verbose, nested + 1,
                ^^^^^^^^^^^^^^^^^^^^^^^^^^^^^^^^^^^^^^^^^^
  File "C:\Users\darpa\AppData\Local\Programs\Python\Python311\Lib\re\_parser.py", line 841, in _parse
    raise source.error('global flags not at the start '
re.error: global flags not at the start of the expression at position 19
__ TestAnalyzeEndpoint.test_analyze_response_contains_processing_time_header __

self = <tests.test_api.TestAnalyzeEndpoint object at 0x000001ADC4990A10>
client = <FlaskClient <Flask 'app'>>

    def test_analyze_response_contains_processing_time_header(self, client):
        res = client.post("/api/analyze", json={"text": "Test"})
>       assert "X-Processing-Time" in res.headers
E       assert 'X-Processing-Time' in Headers([('Content-Type', 'application/json'), ('Content-Length', '56'), ('Content-Security-Policy', "default-src 'self'; script-src 'self' 'unsafe-inline' https://maps.googleapis.com https://www.gstatic.com https://fonts.googleapis.com; style-src 'self' 'unsafe-inline' https://fonts.googleapis.com; img-src 'self' data: https:; connect-src 'self' https://maps.googleapis.com; font-src 'self' https://fonts.gstatic.com"), ('X-Content-Type-Options', 'nosniff'), ('X-Frame-Options', 'DENY'), ('X-XSS-Protection', '1; mode=block'), ('Referrer-Policy', 'strict-origin-when-cross-origin'), ('Permissions-Policy', 'geolocation=(self), microphone=(self), camera=(self)')])
E        +  where Headers([('Content-Type', 'application/json'), ('Content-Length', '56'), ('Content-Security-Policy', "default-src 'self'; script-src 'self' 'unsafe-inline' https://maps.googleapis.com https://www.gstatic.com https://fonts.googleapis.com; style-src 'self' 'unsafe-inline' https://fonts.googleapis.com; img-src 'self' data: https:; connect-src 'self' https://maps.googleapis.com; font-src 'self' https://fonts.gstatic.com"), ('X-Content-Type-Options', 'nosniff'), ('X-Frame-Options', 'DENY'), ('X-XSS-Protection', '1; mode=block'), ('Referrer-Policy', 'strict-origin-when-cross-origin'), ('Permissions-Policy', 'geolocation=(self), microphone=(self), camera=(self)')]) = <WrapperTestResponse streamed [500 INTERNAL SERVER ERROR]>.headers

tests\test_api.py:75: AssertionError
------------------------------ Captured log call ------------------------------
ERROR    nexus-app:app.py:110 Unhandled Exception: global flags not at the start of the expression at position 19
Traceback (most recent call last):
  File "C:\Users\darpa\OneDrive\Desktop\PromptWar\Part1\nexus\venv\Lib\site-packages\flask\app.py", line 880, in full_dispatch_request
    rv = self.dispatch_request()
         ^^^^^^^^^^^^^^^^^^^^^^^
  File "C:\Users\darpa\OneDrive\Desktop\PromptWar\Part1\nexus\venv\Lib\site-packages\flask\app.py", line 865, in dispatch_request
    return self.ensure_sync(self.view_functions[rule.endpoint])(**view_args)  # type: ignore[no-any-return]
           ^^^^^^^^^^^^^^^^^^^^^^^^^^^^^^^^^^^^^^^^^^^^^^^^^^^^^^^^^^^^^^^^^
  File "C:\Users\darpa\OneDrive\Desktop\PromptWar\Part1\nexus\middleware\rate_limiter.py", line 91, in wrapped
    return f(*args, **kwargs)
           ^^^^^^^^^^^^^^^^^^
  File "C:\Users\darpa\OneDrive\Desktop\PromptWar\Part1\nexus\routes\api.py", line 143, in analyze
    safe_text = sanitize_text(raw_text) if raw_text else None
                ^^^^^^^^^^^^^^^^^^^^^^^
  File "C:\Users\darpa\OneDrive\Desktop\PromptWar\Part1\nexus\middleware\input_validator.py", line 45, in sanitize_text
    if re.search(pattern, text):
       ^^^^^^^^^^^^^^^^^^^^^^^^
  File "C:\Users\darpa\AppData\Local\Programs\Python\Python311\Lib\re\__init__.py", line 176, in search
    return _compile(pattern, flags).search(string)
           ^^^^^^^^^^^^^^^^^^^^^^^^
  File "C:\Users\darpa\AppData\Local\Programs\Python\Python311\Lib\re\__init__.py", line 294, in _compile
    p = _compiler.compile(pattern, flags)
        ^^^^^^^^^^^^^^^^^^^^^^^^^^^^^^^^^
  File "C:\Users\darpa\AppData\Local\Programs\Python\Python311\Lib\re\_compiler.py", line 743, in compile
    p = _parser.parse(p, flags)
        ^^^^^^^^^^^^^^^^^^^^^^^
  File "C:\Users\darpa\AppData\Local\Programs\Python\Python311\Lib\re\_parser.py", line 980, in parse
    p = _parse_sub(source, state, flags & SRE_FLAG_VERBOSE, 0)
        ^^^^^^^^^^^^^^^^^^^^^^^^^^^^^^^^^^^^^^^^^^^^^^^^^^^^^^
  File "C:\Users\darpa\AppData\Local\Programs\Python\Python311\Lib\re\_parser.py", line 455, in _parse_sub
    itemsappend(_parse(source, state, verbose, nested + 1,
                ^^^^^^^^^^^^^^^^^^^^^^^^^^^^^^^^^^^^^^^^^^
  File "C:\Users\darpa\AppData\Local\Programs\Python\Python311\Lib\re\_parser.py", line 841, in _parse
    raise source.error('global flags not at the start '
re.error: global flags not at the start of the expression at position 19
_ TestAnalyzeEndpoint.test_analyze_critical_severity_has_at_least_three_actions _

self = <tests.test_api.TestAnalyzeEndpoint object at 0x000001ADC4991150>
client = <FlaskClient <Flask 'app'>>

    def test_analyze_critical_severity_has_at_least_three_actions(self, client):
        res = client.post("/api/analyze", json={"text": "Test"})
        data = res.get_json()
>       if data["severity"] == "CRITICAL":
E       KeyError: 'severity'

tests\test_api.py:80: KeyError
------------------------------ Captured log call ------------------------------
ERROR    nexus-app:app.py:110 Unhandled Exception: global flags not at the start of the expression at position 19
Traceback (most recent call last):
  File "C:\Users\darpa\OneDrive\Desktop\PromptWar\Part1\nexus\venv\Lib\site-packages\flask\app.py", line 880, in full_dispatch_request
    rv = self.dispatch_request()
         ^^^^^^^^^^^^^^^^^^^^^^^
  File "C:\Users\darpa\OneDrive\Desktop\PromptWar\Part1\nexus\venv\Lib\site-packages\flask\app.py", line 865, in dispatch_request
    return self.ensure_sync(self.view_functions[rule.endpoint])(**view_args)  # type: ignore[no-any-return]
           ^^^^^^^^^^^^^^^^^^^^^^^^^^^^^^^^^^^^^^^^^^^^^^^^^^^^^^^^^^^^^^^^^
  File "C:\Users\darpa\OneDrive\Desktop\PromptWar\Part1\nexus\middleware\rate_limiter.py", line 91, in wrapped
    return f(*args, **kwargs)
           ^^^^^^^^^^^^^^^^^^
  File "C:\Users\darpa\OneDrive\Desktop\PromptWar\Part1\nexus\routes\api.py", line 143, in analyze
    safe_text = sanitize_text(raw_text) if raw_text else None
                ^^^^^^^^^^^^^^^^^^^^^^^
  File "C:\Users\darpa\OneDrive\Desktop\PromptWar\Part1\nexus\middleware\input_validator.py", line 45, in sanitize_text
    if re.search(pattern, text):
       ^^^^^^^^^^^^^^^^^^^^^^^^
  File "C:\Users\darpa\AppData\Local\Programs\Python\Python311\Lib\re\__init__.py", line 176, in search
    return _compile(pattern, flags).search(string)
           ^^^^^^^^^^^^^^^^^^^^^^^^
  File "C:\Users\darpa\AppData\Local\Programs\Python\Python311\Lib\re\__init__.py", line 294, in _compile
    p = _compiler.compile(pattern, flags)
        ^^^^^^^^^^^^^^^^^^^^^^^^^^^^^^^^^
  File "C:\Users\darpa\AppData\Local\Programs\Python\Python311\Lib\re\_compiler.py", line 743, in compile
    p = _parser.parse(p, flags)
        ^^^^^^^^^^^^^^^^^^^^^^^
  File "C:\Users\darpa\AppData\Local\Programs\Python\Python311\Lib\re\_parser.py", line 980, in parse
    p = _parse_sub(source, state, flags & SRE_FLAG_VERBOSE, 0)
        ^^^^^^^^^^^^^^^^^^^^^^^^^^^^^^^^^^^^^^^^^^^^^^^^^^^^^^
  File "C:\Users\darpa\AppData\Local\Programs\Python\Python311\Lib\re\_parser.py", line 455, in _parse_sub
    itemsappend(_parse(source, state, verbose, nested + 1,
                ^^^^^^^^^^^^^^^^^^^^^^^^^^^^^^^^^^^^^^^^^^
  File "C:\Users\darpa\AppData\Local\Programs\Python\Python311\Lib\re\_parser.py", line 841, in _parse
    raise source.error('global flags not at the start '
re.error: global flags not at the start of the expression at position 19
__ TestAnalyzeEndpoint.test_analyze_actions_are_sorted_by_priority_ascending __

self = <tests.test_api.TestAnalyzeEndpoint object at 0x000001ADC4991890>
client = <FlaskClient <Flask 'app'>>

    def test_analyze_actions_are_sorted_by_priority_ascending(self, client):
        res = client.post("/api/analyze", json={"text": "Test"})
        data = res.get_json()
>       actions = data["immediate_actions"]
E       KeyError: 'immediate_actions'

tests\test_api.py:86: KeyError
------------------------------ Captured log call ------------------------------
ERROR    nexus-app:app.py:110 Unhandled Exception: global flags not at the start of the expression at position 19
Traceback (most recent call last):
  File "C:\Users\darpa\OneDrive\Desktop\PromptWar\Part1\nexus\venv\Lib\site-packages\flask\app.py", line 880, in full_dispatch_request
    rv = self.dispatch_request()
         ^^^^^^^^^^^^^^^^^^^^^^^
  File "C:\Users\darpa\OneDrive\Desktop\PromptWar\Part1\nexus\venv\Lib\site-packages\flask\app.py", line 865, in dispatch_request
    return self.ensure_sync(self.view_functions[rule.endpoint])(**view_args)  # type: ignore[no-any-return]
           ^^^^^^^^^^^^^^^^^^^^^^^^^^^^^^^^^^^^^^^^^^^^^^^^^^^^^^^^^^^^^^^^^
  File "C:\Users\darpa\OneDrive\Desktop\PromptWar\Part1\nexus\middleware\rate_limiter.py", line 91, in wrapped
    return f(*args, **kwargs)
           ^^^^^^^^^^^^^^^^^^
  File "C:\Users\darpa\OneDrive\Desktop\PromptWar\Part1\nexus\routes\api.py", line 143, in analyze
    safe_text = sanitize_text(raw_text) if raw_text else None
                ^^^^^^^^^^^^^^^^^^^^^^^
  File "C:\Users\darpa\OneDrive\Desktop\PromptWar\Part1\nexus\middleware\input_validator.py", line 45, in sanitize_text
    if re.search(pattern, text):
       ^^^^^^^^^^^^^^^^^^^^^^^^
  File "C:\Users\darpa\AppData\Local\Programs\Python\Python311\Lib\re\__init__.py", line 176, in search
    return _compile(pattern, flags).search(string)
           ^^^^^^^^^^^^^^^^^^^^^^^^
  File "C:\Users\darpa\AppData\Local\Programs\Python\Python311\Lib\re\__init__.py", line 294, in _compile
    p = _compiler.compile(pattern, flags)
        ^^^^^^^^^^^^^^^^^^^^^^^^^^^^^^^^^
  File "C:\Users\darpa\AppData\Local\Programs\Python\Python311\Lib\re\_compiler.py", line 743, in compile
    p = _parser.parse(p, flags)
        ^^^^^^^^^^^^^^^^^^^^^^^
  File "C:\Users\darpa\AppData\Local\Programs\Python\Python311\Lib\re\_parser.py", line 980, in parse
    p = _parse_sub(source, state, flags & SRE_FLAG_VERBOSE, 0)
        ^^^^^^^^^^^^^^^^^^^^^^^^^^^^^^^^^^^^^^^^^^^^^^^^^^^^^^
  File "C:\Users\darpa\AppData\Local\Programs\Python\Python311\Lib\re\_parser.py", line 455, in _parse_sub
    itemsappend(_parse(source, state, verbose, nested + 1,
                ^^^^^^^^^^^^^^^^^^^^^^^^^^^^^^^^^^^^^^^^^^
  File "C:\Users\darpa\AppData\Local\Programs\Python\Python311\Lib\re\_parser.py", line 841, in _parse
    raise source.error('global flags not at the start '
re.error: global flags not at the start of the expression at position 19
______ TestAnalyzeEndpoint.test_analyze_sql_injection_input_returns_400 _______

self = <tests.test_api.TestAnalyzeEndpoint object at 0x000001ADC4991FD0>
client = <FlaskClient <Flask 'app'>>

    def test_analyze_sql_injection_input_returns_400(self, client):
        res = client.post("/api/analyze", json={"text": "SELECT * FROM users"})
>       assert res.status_code == 400
E       assert 429 == 400
E        +  where 429 = <WrapperTestResponse streamed [429 TOO MANY REQUESTS]>.status_code

tests\test_api.py:92: AssertionError
________ TestAnalyzeEndpoint.test_analyze_script_tag_input_returns_400 ________

self = <tests.test_api.TestAnalyzeEndpoint object at 0x000001ADC4992710>
client = <FlaskClient <Flask 'app'>>

    def test_analyze_script_tag_input_returns_400(self, client):
        res = client.post("/api/analyze", json={"text": "<script>alert(1)</script>"})
>       assert res.status_code == 400
E       assert 429 == 400
E        +  where 429 = <WrapperTestResponse streamed [429 TOO MANY REQUESTS]>.status_code

tests\test_api.py:96: AssertionError
________ TestAnalyzeEndpoint.test_analyze_null_byte_input_returns_400 _________

self = <tests.test_api.TestAnalyzeEndpoint object at 0x000001ADC4992E50>
client = <FlaskClient <Flask 'app'>>

    def test_analyze_null_byte_input_returns_400(self, client):
        res = client.post("/api/analyze", json={"text": "Test \x00 Byte"})
>       assert res.status_code == 400
E       assert 429 == 400
E        +  where 429 = <WrapperTestResponse streamed [429 TOO MANY REQUESTS]>.status_code

tests\test_api.py:100: AssertionError
________ TestGeminiService.test_analyze_retries_on_transient_api_error ________

self = <tests.test_gemini_service.TestGeminiService object at 0x000001ADC499B090>

    def test_analyze_retries_on_transient_api_error(self):
        # Make the first 2 calls fail, 3rd pass
        mock_response = MagicMock()
        mock_response.text = '{"intent": "Passed", "severity": "LOW", "confidence": 0.9, "location": "Loc", "affected_people": "None", "immediate_actions": [], "risk_factors": [], "resources_needed": [], "followup_actions": [], "language_detected": "En", "data_quality": "HIGH"}'
    
        gemini_service._model.generate_content.side_effect = [
            Exception("Transient 1"),
            Exception("Transient 2"),
            mock_response
        ]
    
        with patch("time.sleep", return_value=None):
            plan = gemini_service.analyze(text="Test retry")
    
>       assert plan.intent == "Passed"
E       AssertionError: assert 'AI analysis ...system error.' == 'Passed'
E         
E         - Passed
E         + AI analysis unavailable due to system error.

tests\test_gemini_service.py:39: AssertionError
------------------------------ Captured log call ------------------------------
ERROR    nexus-app.gemini-service:gemini_service.py:199 Gemini API error (attempt 1/3): Transient 1
ERROR    nexus-app.gemini-service:gemini_service.py:199 Gemini API error (attempt 2/3): Transient 2
ERROR    nexus-app.gemini-service:gemini_service.py:192 Failed to parse Gemini JSON response: ActionPlan.__init__() missing 2 required positional arguments: 'medical_summary' and 'search_grounding'
Raw output: {"intent": "Passed", "severity": "LOW", "confidence": 0.9, "location": "Loc", "affected_people": "None", "immediate_actions": [], "risk_factors": [], "resources_needed": [], "followup_actions": [], "language_detected": "En", "data_quality": "HIGH"}
________ TestRateLimiter.test_429_response_includes_retry_after_header ________

self = <tests.test_rate_limiter.TestRateLimiter object at 0x000001ADC49B1890>
app = <Flask 'app'>

    def test_429_response_includes_retry_after_header(self, app):
        with app.test_client() as client:
            headers = {"X-Forwarded-For": "3.3.3.3"}
            for _ in range(10):
                client.post("/api/analyze", json={"text": "test"}, headers=headers)
    
            res = client.post("/api/analyze", json={"text": "test"}, headers=headers)
            assert res.status_code == 429
>           assert "Retry-After" in res.headers
E           assert 'Retry-After' in Headers([('Content-Type', 'application/json'), ('Content-Length', '52'), ('Content-Security-Policy', "default-src 'self'; script-src 'self' 'unsafe-inline' https://maps.googleapis.com https://www.gstatic.com https://fonts.googleapis.com; style-src 'self' 'unsafe-inline' https://fonts.googleapis.com; img-src 'self' data: https:; connect-src 'self' https://maps.googleapis.com; font-src 'self' https://fonts.gstatic.com"), ('X-Content-Type-Options', 'nosniff'), ('X-Frame-Options', 'DENY'), ('X-XSS-Protection', '1; mode=block'), ('Referrer-Policy', 'strict-origin-when-cross-origin'), ('Permissions-Policy', 'geolocation=(self), microphone=(self), camera=(self)')])
E            +  where Headers([('Content-Type', 'application/json'), ('Content-Length', '52'), ('Content-Security-Policy', "default-src 'self'; script-src 'self' 'unsafe-inline' https://maps.googleapis.com https://www.gstatic.com https://fonts.googleapis.com; style-src 'self' 'unsafe-inline' https://fonts.googleapis.com; img-src 'self' data: https:; connect-src 'self' https://maps.googleapis.com; font-src 'self' https://fonts.gstatic.com"), ('X-Content-Type-Options', 'nosniff'), ('X-Frame-Options', 'DENY'), ('X-XSS-Protection', '1; mode=block'), ('Referrer-Policy', 'strict-origin-when-cross-origin'), ('Permissions-Policy', 'geolocation=(self), microphone=(self), camera=(self)')]) = <WrapperTestResponse streamed [429 TOO MANY REQUESTS]>.headers

tests\test_rate_limiter.py:34: AssertionError
------------------------------ Captured log call ------------------------------
ERROR    nexus-app:app.py:110 Unhandled Exception: global flags not at the start of the expression at position 19
Traceback (most recent call last):
  File "C:\Users\darpa\OneDrive\Desktop\PromptWar\Part1\nexus\venv\Lib\site-packages\flask\app.py", line 880, in full_dispatch_request
    rv = self.dispatch_request()
         ^^^^^^^^^^^^^^^^^^^^^^^
  File "C:\Users\darpa\OneDrive\Desktop\PromptWar\Part1\nexus\venv\Lib\site-packages\flask\app.py", line 865, in dispatch_request
    return self.ensure_sync(self.view_functions[rule.endpoint])(**view_args)  # type: ignore[no-any-return]
           ^^^^^^^^^^^^^^^^^^^^^^^^^^^^^^^^^^^^^^^^^^^^^^^^^^^^^^^^^^^^^^^^^
  File "C:\Users\darpa\OneDrive\Desktop\PromptWar\Part1\nexus\middleware\rate_limiter.py", line 91, in wrapped
    return f(*args, **kwargs)
           ^^^^^^^^^^^^^^^^^^
  File "C:\Users\darpa\OneDrive\Desktop\PromptWar\Part1\nexus\routes\api.py", line 143, in analyze
    safe_text = sanitize_text(raw_text) if raw_text else None
                ^^^^^^^^^^^^^^^^^^^^^^^
  File "C:\Users\darpa\OneDrive\Desktop\PromptWar\Part1\nexus\middleware\input_validator.py", line 45, in sanitize_text
    if re.search(pattern, text):
       ^^^^^^^^^^^^^^^^^^^^^^^^
  File "C:\Users\darpa\AppData\Local\Programs\Python\Python311\Lib\re\__init__.py", line 176, in search
    return _compile(pattern, flags).search(string)
           ^^^^^^^^^^^^^^^^^^^^^^^^
  File "C:\Users\darpa\AppData\Local\Programs\Python\Python311\Lib\re\__init__.py", line 294, in _compile
    p = _compiler.compile(pattern, flags)
        ^^^^^^^^^^^^^^^^^^^^^^^^^^^^^^^^^
  File "C:\Users\darpa\AppData\Local\Programs\Python\Python311\Lib\re\_compiler.py", line 743, in compile
    p = _parser.parse(p, flags)
        ^^^^^^^^^^^^^^^^^^^^^^^
  File "C:\Users\darpa\AppData\Local\Programs\Python\Python311\Lib\re\_parser.py", line 980, in parse
    p = _parse_sub(source, state, flags & SRE_FLAG_VERBOSE, 0)
        ^^^^^^^^^^^^^^^^^^^^^^^^^^^^^^^^^^^^^^^^^^^^^^^^^^^^^^
  File "C:\Users\darpa\AppData\Local\Programs\Python\Python311\Lib\re\_parser.py", line 455, in _parse_sub
    itemsappend(_parse(source, state, verbose, nested + 1,
                ^^^^^^^^^^^^^^^^^^^^^^^^^^^^^^^^^^^^^^^^^^
  File "C:\Users\darpa\AppData\Local\Programs\Python\Python311\Lib\re\_parser.py", line 841, in _parse
    raise source.error('global flags not at the start '
re.error: global flags not at the start of the expression at position 19
ERROR    nexus-app:app.py:110 Unhandled Exception: global flags not at the start of the expression at position 19
Traceback (most recent call last):
  File "C:\Users\darpa\OneDrive\Desktop\PromptWar\Part1\nexus\venv\Lib\site-packages\flask\app.py", line 880, in full_dispatch_request
    rv = self.dispatch_request()
         ^^^^^^^^^^^^^^^^^^^^^^^
  File "C:\Users\darpa\OneDrive\Desktop\PromptWar\Part1\nexus\venv\Lib\site-packages\flask\app.py", line 865, in dispatch_request
    return self.ensure_sync(self.view_functions[rule.endpoint])(**view_args)  # type: ignore[no-any-return]
           ^^^^^^^^^^^^^^^^^^^^^^^^^^^^^^^^^^^^^^^^^^^^^^^^^^^^^^^^^^^^^^^^^
  File "C:\Users\darpa\OneDrive\Desktop\PromptWar\Part1\nexus\middleware\rate_limiter.py", line 91, in wrapped
    return f(*args, **kwargs)
           ^^^^^^^^^^^^^^^^^^
  File "C:\Users\darpa\OneDrive\Desktop\PromptWar\Part1\nexus\routes\api.py", line 143, in analyze
    safe_text = sanitize_text(raw_text) if raw_text else None
                ^^^^^^^^^^^^^^^^^^^^^^^
  File "C:\Users\darpa\OneDrive\Desktop\PromptWar\Part1\nexus\middleware\input_validator.py", line 45, in sanitize_text
    if re.search(pattern, text):
       ^^^^^^^^^^^^^^^^^^^^^^^^
  File "C:\Users\darpa\AppData\Local\Programs\Python\Python311\Lib\re\__init__.py", line 176, in search
    return _compile(pattern, flags).search(string)
           ^^^^^^^^^^^^^^^^^^^^^^^^
  File "C:\Users\darpa\AppData\Local\Programs\Python\Python311\Lib\re\__init__.py", line 294, in _compile
    p = _compiler.compile(pattern, flags)
        ^^^^^^^^^^^^^^^^^^^^^^^^^^^^^^^^^
  File "C:\Users\darpa\AppData\Local\Programs\Python\Python311\Lib\re\_compiler.py", line 743, in compile
    p = _parser.parse(p, flags)
        ^^^^^^^^^^^^^^^^^^^^^^^
  File "C:\Users\darpa\AppData\Local\Programs\Python\Python311\Lib\re\_parser.py", line 980, in parse
    p = _parse_sub(source, state, flags & SRE_FLAG_VERBOSE, 0)
        ^^^^^^^^^^^^^^^^^^^^^^^^^^^^^^^^^^^^^^^^^^^^^^^^^^^^^^
  File "C:\Users\darpa\AppData\Local\Programs\Python\Python311\Lib\re\_parser.py", line 455, in _parse_sub
    itemsappend(_parse(source, state, verbose, nested + 1,
                ^^^^^^^^^^^^^^^^^^^^^^^^^^^^^^^^^^^^^^^^^^
  File "C:\Users\darpa\AppData\Local\Programs\Python\Python311\Lib\re\_parser.py", line 841, in _parse
    raise source.error('global flags not at the start '
re.error: global flags not at the start of the expression at position 19
ERROR    nexus-app:app.py:110 Unhandled Exception: global flags not at the start of the expression at position 19
Traceback (most recent call last):
  File "C:\Users\darpa\OneDrive\Desktop\PromptWar\Part1\nexus\venv\Lib\site-packages\flask\app.py", line 880, in full_dispatch_request
    rv = self.dispatch_request()
         ^^^^^^^^^^^^^^^^^^^^^^^
  File "C:\Users\darpa\OneDrive\Desktop\PromptWar\Part1\nexus\venv\Lib\site-packages\flask\app.py", line 865, in dispatch_request
    return self.ensure_sync(self.view_functions[rule.endpoint])(**view_args)  # type: ignore[no-any-return]
           ^^^^^^^^^^^^^^^^^^^^^^^^^^^^^^^^^^^^^^^^^^^^^^^^^^^^^^^^^^^^^^^^^
  File "C:\Users\darpa\OneDrive\Desktop\PromptWar\Part1\nexus\middleware\rate_limiter.py", line 91, in wrapped
    return f(*args, **kwargs)
           ^^^^^^^^^^^^^^^^^^
  File "C:\Users\darpa\OneDrive\Desktop\PromptWar\Part1\nexus\routes\api.py", line 143, in analyze
    safe_text = sanitize_text(raw_text) if raw_text else None
                ^^^^^^^^^^^^^^^^^^^^^^^
  File "C:\Users\darpa\OneDrive\Desktop\PromptWar\Part1\nexus\middleware\input_validator.py", line 45, in sanitize_text
    if re.search(pattern, text):
       ^^^^^^^^^^^^^^^^^^^^^^^^
  File "C:\Users\darpa\AppData\Local\Programs\Python\Python311\Lib\re\__init__.py", line 176, in search
    return _compile(pattern, flags).search(string)
           ^^^^^^^^^^^^^^^^^^^^^^^^
  File "C:\Users\darpa\AppData\Local\Programs\Python\Python311\Lib\re\__init__.py", line 294, in _compile
    p = _compiler.compile(pattern, flags)
        ^^^^^^^^^^^^^^^^^^^^^^^^^^^^^^^^^
  File "C:\Users\darpa\AppData\Local\Programs\Python\Python311\Lib\re\_compiler.py", line 743, in compile
    p = _parser.parse(p, flags)
        ^^^^^^^^^^^^^^^^^^^^^^^
  File "C:\Users\darpa\AppData\Local\Programs\Python\Python311\Lib\re\_parser.py", line 980, in parse
    p = _parse_sub(source, state, flags & SRE_FLAG_VERBOSE, 0)
        ^^^^^^^^^^^^^^^^^^^^^^^^^^^^^^^^^^^^^^^^^^^^^^^^^^^^^^
  File "C:\Users\darpa\AppData\Local\Programs\Python\Python311\Lib\re\_parser.py", line 455, in _parse_sub
    itemsappend(_parse(source, state, verbose, nested + 1,
                ^^^^^^^^^^^^^^^^^^^^^^^^^^^^^^^^^^^^^^^^^^
  File "C:\Users\darpa\AppData\Local\Programs\Python\Python311\Lib\re\_parser.py", line 841, in _parse
    raise source.error('global flags not at the start '
re.error: global flags not at the start of the expression at position 19
ERROR    nexus-app:app.py:110 Unhandled Exception: global flags not at the start of the expression at position 19
Traceback (most recent call last):
  File "C:\Users\darpa\OneDrive\Desktop\PromptWar\Part1\nexus\venv\Lib\site-packages\flask\app.py", line 880, in full_dispatch_request
    rv = self.dispatch_request()
         ^^^^^^^^^^^^^^^^^^^^^^^
  File "C:\Users\darpa\OneDrive\Desktop\PromptWar\Part1\nexus\venv\Lib\site-packages\flask\app.py", line 865, in dispatch_request
    return self.ensure_sync(self.view_functions[rule.endpoint])(**view_args)  # type: ignore[no-any-return]
           ^^^^^^^^^^^^^^^^^^^^^^^^^^^^^^^^^^^^^^^^^^^^^^^^^^^^^^^^^^^^^^^^^
  File "C:\Users\darpa\OneDrive\Desktop\PromptWar\Part1\nexus\middleware\rate_limiter.py", line 91, in wrapped
    return f(*args, **kwargs)
           ^^^^^^^^^^^^^^^^^^
  File "C:\Users\darpa\OneDrive\Desktop\PromptWar\Part1\nexus\routes\api.py", line 143, in analyze
    safe_text = sanitize_text(raw_text) if raw_text else None
                ^^^^^^^^^^^^^^^^^^^^^^^
  File "C:\Users\darpa\OneDrive\Desktop\PromptWar\Part1\nexus\middleware\input_validator.py", line 45, in sanitize_text
    if re.search(pattern, text):
       ^^^^^^^^^^^^^^^^^^^^^^^^
  File "C:\Users\darpa\AppData\Local\Programs\Python\Python311\Lib\re\__init__.py", line 176, in search
    return _compile(pattern, flags).search(string)
           ^^^^^^^^^^^^^^^^^^^^^^^^
  File "C:\Users\darpa\AppData\Local\Programs\Python\Python311\Lib\re\__init__.py", line 294, in _compile
    p = _compiler.compile(pattern, flags)
        ^^^^^^^^^^^^^^^^^^^^^^^^^^^^^^^^^
  File "C:\Users\darpa\AppData\Local\Programs\Python\Python311\Lib\re\_compiler.py", line 743, in compile
    p = _parser.parse(p, flags)
        ^^^^^^^^^^^^^^^^^^^^^^^
  File "C:\Users\darpa\AppData\Local\Programs\Python\Python311\Lib\re\_parser.py", line 980, in parse
    p = _parse_sub(source, state, flags & SRE_FLAG_VERBOSE, 0)
        ^^^^^^^^^^^^^^^^^^^^^^^^^^^^^^^^^^^^^^^^^^^^^^^^^^^^^^
  File "C:\Users\darpa\AppData\Local\Programs\Python\Python311\Lib\re\_parser.py", line 455, in _parse_sub
    itemsappend(_parse(source, state, verbose, nested + 1,
                ^^^^^^^^^^^^^^^^^^^^^^^^^^^^^^^^^^^^^^^^^^
  File "C:\Users\darpa\AppData\Local\Programs\Python\Python311\Lib\re\_parser.py", line 841, in _parse
    raise source.error('global flags not at the start '
re.error: global flags not at the start of the expression at position 19
ERROR    nexus-app:app.py:110 Unhandled Exception: global flags not at the start of the expression at position 19
Traceback (most recent call last):
  File "C:\Users\darpa\OneDrive\Desktop\PromptWar\Part1\nexus\venv\Lib\site-packages\flask\app.py", line 880, in full_dispatch_request
    rv = self.dispatch_request()
         ^^^^^^^^^^^^^^^^^^^^^^^
  File "C:\Users\darpa\OneDrive\Desktop\PromptWar\Part1\nexus\venv\Lib\site-packages\flask\app.py", line 865, in dispatch_request
    return self.ensure_sync(self.view_functions[rule.endpoint])(**view_args)  # type: ignore[no-any-return]
           ^^^^^^^^^^^^^^^^^^^^^^^^^^^^^^^^^^^^^^^^^^^^^^^^^^^^^^^^^^^^^^^^^
  File "C:\Users\darpa\OneDrive\Desktop\PromptWar\Part1\nexus\middleware\rate_limiter.py", line 91, in wrapped
    return f(*args, **kwargs)
           ^^^^^^^^^^^^^^^^^^
  File "C:\Users\darpa\OneDrive\Desktop\PromptWar\Part1\nexus\routes\api.py", line 143, in analyze
    safe_text = sanitize_text(raw_text) if raw_text else None
                ^^^^^^^^^^^^^^^^^^^^^^^
  File "C:\Users\darpa\OneDrive\Desktop\PromptWar\Part1\nexus\middleware\input_validator.py", line 45, in sanitize_text
    if re.search(pattern, text):
       ^^^^^^^^^^^^^^^^^^^^^^^^
  File "C:\Users\darpa\AppData\Local\Programs\Python\Python311\Lib\re\__init__.py", line 176, in search
    return _compile(pattern, flags).search(string)
           ^^^^^^^^^^^^^^^^^^^^^^^^
  File "C:\Users\darpa\AppData\Local\Programs\Python\Python311\Lib\re\__init__.py", line 294, in _compile
    p = _compiler.compile(pattern, flags)
        ^^^^^^^^^^^^^^^^^^^^^^^^^^^^^^^^^
  File "C:\Users\darpa\AppData\Local\Programs\Python\Python311\Lib\re\_compiler.py", line 743, in compile
    p = _parser.parse(p, flags)
        ^^^^^^^^^^^^^^^^^^^^^^^
  File "C:\Users\darpa\AppData\Local\Programs\Python\Python311\Lib\re\_parser.py", line 980, in parse
    p = _parse_sub(source, state, flags & SRE_FLAG_VERBOSE, 0)
        ^^^^^^^^^^^^^^^^^^^^^^^^^^^^^^^^^^^^^^^^^^^^^^^^^^^^^^
  File "C:\Users\darpa\AppData\Local\Programs\Python\Python311\Lib\re\_parser.py", line 455, in _parse_sub
    itemsappend(_parse(source, state, verbose, nested + 1,
                ^^^^^^^^^^^^^^^^^^^^^^^^^^^^^^^^^^^^^^^^^^
  File "C:\Users\darpa\AppData\Local\Programs\Python\Python311\Lib\re\_parser.py", line 841, in _parse
    raise source.error('global flags not at the start '
re.error: global flags not at the start of the expression at position 19
ERROR    nexus-app:app.py:110 Unhandled Exception: global flags not at the start of the expression at position 19
Traceback (most recent call last):
  File "C:\Users\darpa\OneDrive\Desktop\PromptWar\Part1\nexus\venv\Lib\site-packages\flask\app.py", line 880, in full_dispatch_request
    rv = self.dispatch_request()
         ^^^^^^^^^^^^^^^^^^^^^^^
  File "C:\Users\darpa\OneDrive\Desktop\PromptWar\Part1\nexus\venv\Lib\site-packages\flask\app.py", line 865, in dispatch_request
    return self.ensure_sync(self.view_functions[rule.endpoint])(**view_args)  # type: ignore[no-any-return]
           ^^^^^^^^^^^^^^^^^^^^^^^^^^^^^^^^^^^^^^^^^^^^^^^^^^^^^^^^^^^^^^^^^
  File "C:\Users\darpa\OneDrive\Desktop\PromptWar\Part1\nexus\middleware\rate_limiter.py", line 91, in wrapped
    return f(*args, **kwargs)
           ^^^^^^^^^^^^^^^^^^
  File "C:\Users\darpa\OneDrive\Desktop\PromptWar\Part1\nexus\routes\api.py", line 143, in analyze
    safe_text = sanitize_text(raw_text) if raw_text else None
                ^^^^^^^^^^^^^^^^^^^^^^^
  File "C:\Users\darpa\OneDrive\Desktop\PromptWar\Part1\nexus\middleware\input_validator.py", line 45, in sanitize_text
    if re.search(pattern, text):
       ^^^^^^^^^^^^^^^^^^^^^^^^
  File "C:\Users\darpa\AppData\Local\Programs\Python\Python311\Lib\re\__init__.py", line 176, in search
    return _compile(pattern, flags).search(string)
           ^^^^^^^^^^^^^^^^^^^^^^^^
  File "C:\Users\darpa\AppData\Local\Programs\Python\Python311\Lib\re\__init__.py", line 294, in _compile
    p = _compiler.compile(pattern, flags)
        ^^^^^^^^^^^^^^^^^^^^^^^^^^^^^^^^^
  File "C:\Users\darpa\AppData\Local\Programs\Python\Python311\Lib\re\_compiler.py", line 743, in compile
    p = _parser.parse(p, flags)
        ^^^^^^^^^^^^^^^^^^^^^^^
  File "C:\Users\darpa\AppData\Local\Programs\Python\Python311\Lib\re\_parser.py", line 980, in parse
    p = _parse_sub(source, state, flags & SRE_FLAG_VERBOSE, 0)
        ^^^^^^^^^^^^^^^^^^^^^^^^^^^^^^^^^^^^^^^^^^^^^^^^^^^^^^
  File "C:\Users\darpa\AppData\Local\Programs\Python\Python311\Lib\re\_parser.py", line 455, in _parse_sub
    itemsappend(_parse(source, state, verbose, nested + 1,
                ^^^^^^^^^^^^^^^^^^^^^^^^^^^^^^^^^^^^^^^^^^
  File "C:\Users\darpa\AppData\Local\Programs\Python\Python311\Lib\re\_parser.py", line 841, in _parse
    raise source.error('global flags not at the start '
re.error: global flags not at the start of the expression at position 19
ERROR    nexus-app:app.py:110 Unhandled Exception: global flags not at the start of the expression at position 19
Traceback (most recent call last):
  File "C:\Users\darpa\OneDrive\Desktop\PromptWar\Part1\nexus\venv\Lib\site-packages\flask\app.py", line 880, in full_dispatch_request
    rv = self.dispatch_request()
         ^^^^^^^^^^^^^^^^^^^^^^^
  File "C:\Users\darpa\OneDrive\Desktop\PromptWar\Part1\nexus\venv\Lib\site-packages\flask\app.py", line 865, in dispatch_request
    return self.ensure_sync(self.view_functions[rule.endpoint])(**view_args)  # type: ignore[no-any-return]
           ^^^^^^^^^^^^^^^^^^^^^^^^^^^^^^^^^^^^^^^^^^^^^^^^^^^^^^^^^^^^^^^^^
  File "C:\Users\darpa\OneDrive\Desktop\PromptWar\Part1\nexus\middleware\rate_limiter.py", line 91, in wrapped
    return f(*args, **kwargs)
           ^^^^^^^^^^^^^^^^^^
  File "C:\Users\darpa\OneDrive\Desktop\PromptWar\Part1\nexus\routes\api.py", line 143, in analyze
    safe_text = sanitize_text(raw_text) if raw_text else None
                ^^^^^^^^^^^^^^^^^^^^^^^
  File "C:\Users\darpa\OneDrive\Desktop\PromptWar\Part1\nexus\middleware\input_validator.py", line 45, in sanitize_text
    if re.search(pattern, text):
       ^^^^^^^^^^^^^^^^^^^^^^^^
  File "C:\Users\darpa\AppData\Local\Programs\Python\Python311\Lib\re\__init__.py", line 176, in search
    return _compile(pattern, flags).search(string)
           ^^^^^^^^^^^^^^^^^^^^^^^^
  File "C:\Users\darpa\AppData\Local\Programs\Python\Python311\Lib\re\__init__.py", line 294, in _compile
    p = _compiler.compile(pattern, flags)
        ^^^^^^^^^^^^^^^^^^^^^^^^^^^^^^^^^
  File "C:\Users\darpa\AppData\Local\Programs\Python\Python311\Lib\re\_compiler.py", line 743, in compile
    p = _parser.parse(p, flags)
        ^^^^^^^^^^^^^^^^^^^^^^^
  File "C:\Users\darpa\AppData\Local\Programs\Python\Python311\Lib\re\_parser.py", line 980, in parse
    p = _parse_sub(source, state, flags & SRE_FLAG_VERBOSE, 0)
        ^^^^^^^^^^^^^^^^^^^^^^^^^^^^^^^^^^^^^^^^^^^^^^^^^^^^^^
  File "C:\Users\darpa\AppData\Local\Programs\Python\Python311\Lib\re\_parser.py", line 455, in _parse_sub
    itemsappend(_parse(source, state, verbose, nested + 1,
                ^^^^^^^^^^^^^^^^^^^^^^^^^^^^^^^^^^^^^^^^^^
  File "C:\Users\darpa\AppData\Local\Programs\Python\Python311\Lib\re\_parser.py", line 841, in _parse
    raise source.error('global flags not at the start '
re.error: global flags not at the start of the expression at position 19
ERROR    nexus-app:app.py:110 Unhandled Exception: global flags not at the start of the expression at position 19
Traceback (most recent call last):
  File "C:\Users\darpa\OneDrive\Desktop\PromptWar\Part1\nexus\venv\Lib\site-packages\flask\app.py", line 880, in full_dispatch_request
    rv = self.dispatch_request()
         ^^^^^^^^^^^^^^^^^^^^^^^
  File "C:\Users\darpa\OneDrive\Desktop\PromptWar\Part1\nexus\venv\Lib\site-packages\flask\app.py", line 865, in dispatch_request
    return self.ensure_sync(self.view_functions[rule.endpoint])(**view_args)  # type: ignore[no-any-return]
           ^^^^^^^^^^^^^^^^^^^^^^^^^^^^^^^^^^^^^^^^^^^^^^^^^^^^^^^^^^^^^^^^^
  File "C:\Users\darpa\OneDrive\Desktop\PromptWar\Part1\nexus\middleware\rate_limiter.py", line 91, in wrapped
    return f(*args, **kwargs)
           ^^^^^^^^^^^^^^^^^^
  File "C:\Users\darpa\OneDrive\Desktop\PromptWar\Part1\nexus\routes\api.py", line 143, in analyze
    safe_text = sanitize_text(raw_text) if raw_text else None
                ^^^^^^^^^^^^^^^^^^^^^^^
  File "C:\Users\darpa\OneDrive\Desktop\PromptWar\Part1\nexus\middleware\input_validator.py", line 45, in sanitize_text
    if re.search(pattern, text):
       ^^^^^^^^^^^^^^^^^^^^^^^^
  File "C:\Users\darpa\AppData\Local\Programs\Python\Python311\Lib\re\__init__.py", line 176, in search
    return _compile(pattern, flags).search(string)
           ^^^^^^^^^^^^^^^^^^^^^^^^
  File "C:\Users\darpa\AppData\Local\Programs\Python\Python311\Lib\re\__init__.py", line 294, in _compile
    p = _compiler.compile(pattern, flags)
        ^^^^^^^^^^^^^^^^^^^^^^^^^^^^^^^^^
  File "C:\Users\darpa\AppData\Local\Programs\Python\Python311\Lib\re\_compiler.py", line 743, in compile
    p = _parser.parse(p, flags)
        ^^^^^^^^^^^^^^^^^^^^^^^
  File "C:\Users\darpa\AppData\Local\Programs\Python\Python311\Lib\re\_parser.py", line 980, in parse
    p = _parse_sub(source, state, flags & SRE_FLAG_VERBOSE, 0)
        ^^^^^^^^^^^^^^^^^^^^^^^^^^^^^^^^^^^^^^^^^^^^^^^^^^^^^^
  File "C:\Users\darpa\AppData\Local\Programs\Python\Python311\Lib\re\_parser.py", line 455, in _parse_sub
    itemsappend(_parse(source, state, verbose, nested + 1,
                ^^^^^^^^^^^^^^^^^^^^^^^^^^^^^^^^^^^^^^^^^^
  File "C:\Users\darpa\AppData\Local\Programs\Python\Python311\Lib\re\_parser.py", line 841, in _parse
    raise source.error('global flags not at the start '
re.error: global flags not at the start of the expression at position 19
ERROR    nexus-app:app.py:110 Unhandled Exception: global flags not at the start of the expression at position 19
Traceback (most recent call last):
  File "C:\Users\darpa\OneDrive\Desktop\PromptWar\Part1\nexus\venv\Lib\site-packages\flask\app.py", line 880, in full_dispatch_request
    rv = self.dispatch_request()
         ^^^^^^^^^^^^^^^^^^^^^^^
  File "C:\Users\darpa\OneDrive\Desktop\PromptWar\Part1\nexus\venv\Lib\site-packages\flask\app.py", line 865, in dispatch_request
    return self.ensure_sync(self.view_functions[rule.endpoint])(**view_args)  # type: ignore[no-any-return]
           ^^^^^^^^^^^^^^^^^^^^^^^^^^^^^^^^^^^^^^^^^^^^^^^^^^^^^^^^^^^^^^^^^
  File "C:\Users\darpa\OneDrive\Desktop\PromptWar\Part1\nexus\middleware\rate_limiter.py", line 91, in wrapped
    return f(*args, **kwargs)
           ^^^^^^^^^^^^^^^^^^
  File "C:\Users\darpa\OneDrive\Desktop\PromptWar\Part1\nexus\routes\api.py", line 143, in analyze
    safe_text = sanitize_text(raw_text) if raw_text else None
                ^^^^^^^^^^^^^^^^^^^^^^^
  File "C:\Users\darpa\OneDrive\Desktop\PromptWar\Part1\nexus\middleware\input_validator.py", line 45, in sanitize_text
    if re.search(pattern, text):
       ^^^^^^^^^^^^^^^^^^^^^^^^
  File "C:\Users\darpa\AppData\Local\Programs\Python\Python311\Lib\re\__init__.py", line 176, in search
    return _compile(pattern, flags).search(string)
           ^^^^^^^^^^^^^^^^^^^^^^^^
  File "C:\Users\darpa\AppData\Local\Programs\Python\Python311\Lib\re\__init__.py", line 294, in _compile
    p = _compiler.compile(pattern, flags)
        ^^^^^^^^^^^^^^^^^^^^^^^^^^^^^^^^^
  File "C:\Users\darpa\AppData\Local\Programs\Python\Python311\Lib\re\_compiler.py", line 743, in compile
    p = _parser.parse(p, flags)
        ^^^^^^^^^^^^^^^^^^^^^^^
  File "C:\Users\darpa\AppData\Local\Programs\Python\Python311\Lib\re\_parser.py", line 980, in parse
    p = _parse_sub(source, state, flags & SRE_FLAG_VERBOSE, 0)
        ^^^^^^^^^^^^^^^^^^^^^^^^^^^^^^^^^^^^^^^^^^^^^^^^^^^^^^
  File "C:\Users\darpa\AppData\Local\Programs\Python\Python311\Lib\re\_parser.py", line 455, in _parse_sub
    itemsappend(_parse(source, state, verbose, nested + 1,
                ^^^^^^^^^^^^^^^^^^^^^^^^^^^^^^^^^^^^^^^^^^
  File "C:\Users\darpa\AppData\Local\Programs\Python\Python311\Lib\re\_parser.py", line 841, in _parse
    raise source.error('global flags not at the start '
re.error: global flags not at the start of the expression at position 19
ERROR    nexus-app:app.py:110 Unhandled Exception: global flags not at the start of the expression at position 19
Traceback (most recent call last):
  File "C:\Users\darpa\OneDrive\Desktop\PromptWar\Part1\nexus\venv\Lib\site-packages\flask\app.py", line 880, in full_dispatch_request
    rv = self.dispatch_request()
         ^^^^^^^^^^^^^^^^^^^^^^^
  File "C:\Users\darpa\OneDrive\Desktop\PromptWar\Part1\nexus\venv\Lib\site-packages\flask\app.py", line 865, in dispatch_request
    return self.ensure_sync(self.view_functions[rule.endpoint])(**view_args)  # type: ignore[no-any-return]
           ^^^^^^^^^^^^^^^^^^^^^^^^^^^^^^^^^^^^^^^^^^^^^^^^^^^^^^^^^^^^^^^^^
  File "C:\Users\darpa\OneDrive\Desktop\PromptWar\Part1\nexus\middleware\rate_limiter.py", line 91, in wrapped
    return f(*args, **kwargs)
           ^^^^^^^^^^^^^^^^^^
  File "C:\Users\darpa\OneDrive\Desktop\PromptWar\Part1\nexus\routes\api.py", line 143, in analyze
    safe_text = sanitize_text(raw_text) if raw_text else None
                ^^^^^^^^^^^^^^^^^^^^^^^
  File "C:\Users\darpa\OneDrive\Desktop\PromptWar\Part1\nexus\middleware\input_validator.py", line 45, in sanitize_text
    if re.search(pattern, text):
       ^^^^^^^^^^^^^^^^^^^^^^^^
  File "C:\Users\darpa\AppData\Local\Programs\Python\Python311\Lib\re\__init__.py", line 176, in search
    return _compile(pattern, flags).search(string)
           ^^^^^^^^^^^^^^^^^^^^^^^^
  File "C:\Users\darpa\AppData\Local\Programs\Python\Python311\Lib\re\__init__.py", line 294, in _compile
    p = _compiler.compile(pattern, flags)
        ^^^^^^^^^^^^^^^^^^^^^^^^^^^^^^^^^
  File "C:\Users\darpa\AppData\Local\Programs\Python\Python311\Lib\re\_compiler.py", line 743, in compile
    p = _parser.parse(p, flags)
        ^^^^^^^^^^^^^^^^^^^^^^^
  File "C:\Users\darpa\AppData\Local\Programs\Python\Python311\Lib\re\_parser.py", line 980, in parse
    p = _parse_sub(source, state, flags & SRE_FLAG_VERBOSE, 0)
        ^^^^^^^^^^^^^^^^^^^^^^^^^^^^^^^^^^^^^^^^^^^^^^^^^^^^^^
  File "C:\Users\darpa\AppData\Local\Programs\Python\Python311\Lib\re\_parser.py", line 455, in _parse_sub
    itemsappend(_parse(source, state, verbose, nested + 1,
                ^^^^^^^^^^^^^^^^^^^^^^^^^^^^^^^^^^^^^^^^^^
  File "C:\Users\darpa\AppData\Local\Programs\Python\Python311\Lib\re\_parser.py", line 841, in _parse
    raise source.error('global flags not at the start '
re.error: global flags not at the start of the expression at position 19
_______________ TestInputValidator.test_valid_text_input_passes _______________

self = <tests.test_validator.TestInputValidator object at 0x000001ADC49C1310>

    def test_valid_text_input_passes(self):
>       result = sanitize_text("This is a safe emergency message.")

tests\test_validator.py:11: 
_ _ _ _ _ _ _ _ _ _ _ _ _ _ _ _ _ _ _ _ _ _ _ _ _ _ _ _ _ _ _ _ _ _ _ _ _ _ _ _
middleware\input_validator.py:45: in sanitize_text
    if re.search(pattern, text):
C:\Users\darpa\AppData\Local\Programs\Python\Python311\Lib\re\__init__.py:176: in search
    return _compile(pattern, flags).search(string)
C:\Users\darpa\AppData\Local\Programs\Python\Python311\Lib\re\__init__.py:294: in _compile
    p = _compiler.compile(pattern, flags)
C:\Users\darpa\AppData\Local\Programs\Python\Python311\Lib\re\_compiler.py:743: in compile
    p = _parser.parse(p, flags)
C:\Users\darpa\AppData\Local\Programs\Python\Python311\Lib\re\_parser.py:980: in parse
    p = _parse_sub(source, state, flags & SRE_FLAG_VERBOSE, 0)
C:\Users\darpa\AppData\Local\Programs\Python\Python311\Lib\re\_parser.py:455: in _parse_sub
    itemsappend(_parse(source, state, verbose, nested + 1,
_ _ _ _ _ _ _ _ _ _ _ _ _ _ _ _ _ _ _ _ _ _ _ _ _ _ _ _ _ _ _ _ _ _ _ _ _ _ _ _

source = <re._parser.Tokenizer object at 0x000001ADC4C519D0>
state = <re._parser.State object at 0x000001ADC4C517D0>, verbose = 0, nested = 1
first = True

    def _parse(source, state, verbose, nested, first=False):
        # parse a simple pattern
        subpattern = SubPattern(state)
    
        # precompute constants into local variables
        subpatternappend = subpattern.append
        sourceget = source.get
        sourcematch = source.match
        _len = len
        _ord = ord
    
        while True:
    
            this = source.next
            if this is None:
                break # end of pattern
            if this in "|)":
                break # end of subpattern
            sourceget()
    
            if verbose:
                # skip whitespace and comments
                if this in WHITESPACE:
                    continue
                if this == "#":
                    while True:
                        this = sourceget()
                        if this is None or this == "\n":
                            break
                    continue
    
            if this[0] == "\\":
                code = _escape(source, this, state)
                subpatternappend(code)
    
            elif this not in SPECIAL_CHARS:
                subpatternappend((LITERAL, _ord(this)))
    
            elif this == "[":
                here = source.tell() - 1
                # character set
                set = []
                setappend = set.append
    ##          if sourcematch(":"):
    ##              pass # handle character classes
                if source.next == '[':
                    import warnings
                    warnings.warn(
                        'Possible nested set at position %d' % source.tell(),
                        FutureWarning, stacklevel=nested + 6
                    )
                negate = sourcematch("^")
                # check remaining characters
                while True:
                    this = sourceget()
                    if this is None:
                        raise source.error("unterminated character set",
                                           source.tell() - here)
                    if this == "]" and set:
                        break
                    elif this[0] == "\\":
                        code1 = _class_escape(source, this)
                    else:
                        if set and this in '-&~|' and source.next == this:
                            import warnings
                            warnings.warn(
                                'Possible set %s at position %d' % (
                                    'difference' if this == '-' else
                                    'intersection' if this == '&' else
                                    'symmetric difference' if this == '~' else
                                    'union',
                                    source.tell() - 1),
                                FutureWarning, stacklevel=nested + 6
                            )
                        code1 = LITERAL, _ord(this)
                    if sourcematch("-"):
                        # potential range
                        that = sourceget()
                        if that is None:
                            raise source.error("unterminated character set",
                                               source.tell() - here)
                        if that == "]":
                            if code1[0] is IN:
                                code1 = code1[1][0]
                            setappend(code1)
                            setappend((LITERAL, _ord("-")))
                            break
                        if that[0] == "\\":
                            code2 = _class_escape(source, that)
                        else:
                            if that == '-':
                                import warnings
                                warnings.warn(
                                    'Possible set difference at position %d' % (
                                        source.tell() - 2),
                                    FutureWarning, stacklevel=nested + 6
                                )
                            code2 = LITERAL, _ord(that)
                        if code1[0] != LITERAL or code2[0] != LITERAL:
                            msg = "bad character range %s-%s" % (this, that)
                            raise source.error(msg, len(this) + 1 + len(that))
                        lo = code1[1]
                        hi = code2[1]
                        if hi < lo:
                            msg = "bad character range %s-%s" % (this, that)
                            raise source.error(msg, len(this) + 1 + len(that))
                        setappend((RANGE, (lo, hi)))
                    else:
                        if code1[0] is IN:
                            code1 = code1[1][0]
                        setappend(code1)
    
                set = _uniq(set)
                # XXX: <fl> should move set optimization to compiler!
                if _len(set) == 1 and set[0][0] is LITERAL:
                    # optimization
                    if negate:
                        subpatternappend((NOT_LITERAL, set[0][1]))
                    else:
                        subpatternappend(set[0])
                else:
                    if negate:
                        set.insert(0, (NEGATE, None))
                    # charmap optimization can't be added here because
                    # global flags still are not known
                    subpatternappend((IN, set))
    
            elif this in REPEAT_CHARS:
                # repeat previous item
                here = source.tell()
                if this == "?":
                    min, max = 0, 1
                elif this == "*":
                    min, max = 0, MAXREPEAT
    
                elif this == "+":
                    min, max = 1, MAXREPEAT
                elif this == "{":
                    if source.next == "}":
                        subpatternappend((LITERAL, _ord(this)))
                        continue
    
                    min, max = 0, MAXREPEAT
                    lo = hi = ""
                    while source.next in DIGITS:
                        lo += sourceget()
                    if sourcematch(","):
                        while source.next in DIGITS:
                            hi += sourceget()
                    else:
                        hi = lo
                    if not sourcematch("}"):
                        subpatternappend((LITERAL, _ord(this)))
                        source.seek(here)
                        continue
    
                    if lo:
                        min = int(lo)
                        if min >= MAXREPEAT:
                            raise OverflowError("the repetition number is too large")
                    if hi:
                        max = int(hi)
                        if max >= MAXREPEAT:
                            raise OverflowError("the repetition number is too large")
                        if max < min:
                            raise source.error("min repeat greater than max repeat",
                                               source.tell() - here)
                else:
                    raise AssertionError("unsupported quantifier %r" % (char,))
                # figure out which item to repeat
                if subpattern:
                    item = subpattern[-1:]
                else:
                    item = None
                if not item or item[0][0] is AT:
                    raise source.error("nothing to repeat",
                                       source.tell() - here + len(this))
                if item[0][0] in _REPEATCODES:
                    raise source.error("multiple repeat",
                                       source.tell() - here + len(this))
                if item[0][0] is SUBPATTERN:
                    group, add_flags, del_flags, p = item[0][1]
                    if group is None and not add_flags and not del_flags:
                        item = p
                if sourcematch("?"):
                    # Non-Greedy Match
                    subpattern[-1] = (MIN_REPEAT, (min, max, item))
                elif sourcematch("+"):
                    # Possessive Match (Always Greedy)
                    subpattern[-1] = (POSSESSIVE_REPEAT, (min, max, item))
                else:
                    # Greedy Match
                    subpattern[-1] = (MAX_REPEAT, (min, max, item))
    
            elif this == ".":
                subpatternappend((ANY, None))
    
            elif this == "(":
                start = source.tell() - 1
                capture = True
                atomic = False
                name = None
                add_flags = 0
                del_flags = 0
                if sourcematch("?"):
                    # options
                    char = sourceget()
                    if char is None:
                        raise source.error("unexpected end of pattern")
                    if char == "P":
                        # python extensions
                        if sourcematch("<"):
                            # named group: skip forward to end of name
                            name = source.getuntil(">", "group name")
                            source.checkgroupname(name, 1, nested)
                        elif sourcematch("="):
                            # named backreference
                            name = source.getuntil(")", "group name")
                            source.checkgroupname(name, 1, nested)
                            gid = state.groupdict.get(name)
                            if gid is None:
                                msg = "unknown group name %r" % name
                                raise source.error(msg, len(name) + 1)
                            if not state.checkgroup(gid):
                                raise source.error("cannot refer to an open group",
                                                   len(name) + 1)
                            state.checklookbehindgroup(gid, source)
                            subpatternappend((GROUPREF, gid))
                            continue
    
                        else:
                            char = sourceget()
                            if char is None:
                                raise source.error("unexpected end of pattern")
                            raise source.error("unknown extension ?P" + char,
                                               len(char) + 2)
                    elif char == ":":
                        # non-capturing group
                        capture = False
                    elif char == "#":
                        # comment
                        while True:
                            if source.next is None:
                                raise source.error("missing ), unterminated comment",
                                                   source.tell() - start)
                            if sourceget() == ")":
                                break
                        continue
    
                    elif char in "=!<":
                        # lookahead assertions
                        dir = 1
                        if char == "<":
                            char = sourceget()
                            if char is None:
                                raise source.error("unexpected end of pattern")
                            if char not in "=!":
                                raise source.error("unknown extension ?<" + char,
                                                   len(char) + 2)
                            dir = -1 # lookbehind
                            lookbehindgroups = state.lookbehindgroups
                            if lookbehindgroups is None:
                                state.lookbehindgroups = state.groups
                        p = _parse_sub(source, state, verbose, nested + 1)
                        if dir < 0:
                            if lookbehindgroups is None:
                                state.lookbehindgroups = None
                        if not sourcematch(")"):
                            raise source.error("missing ), unterminated subpattern",
                                               source.tell() - start)
                        if char == "=":
                            subpatternappend((ASSERT, (dir, p)))
                        else:
                            subpatternappend((ASSERT_NOT, (dir, p)))
                        continue
    
                    elif char == "(":
                        # conditional backreference group
                        condname = source.getuntil(")", "group name")
                        if condname.isidentifier():
                            source.checkgroupname(condname, 1, nested)
                            condgroup = state.groupdict.get(condname)
                            if condgroup is None:
                                msg = "unknown group name %r" % condname
                                raise source.error(msg, len(condname) + 1)
                        else:
                            try:
                                condgroup = int(condname)
                                if condgroup < 0:
                                    raise ValueError
                            except ValueError:
                                msg = "bad character in group name %r" % condname
                                raise source.error(msg, len(condname) + 1) from None
                            if not condgroup:
                                raise source.error("bad group number",
                                                   len(condname) + 1)
                            if condgroup >= MAXGROUPS:
                                msg = "invalid group reference %d" % condgroup
                                raise source.error(msg, len(condname) + 1)
                            if condgroup not in state.grouprefpos:
                                state.grouprefpos[condgroup] = (
                                    source.tell() - len(condname) - 1
                                )
                            if not (condname.isdecimal() and condname.isascii()):
                                import warnings
                                warnings.warn(
                                    "bad character in group name %s at position %d" %
                                    (repr(condname) if source.istext else ascii(condname),
                                     source.tell() - len(condname) - 1),
                                    DeprecationWarning, stacklevel=nested + 6
                                )
                        state.checklookbehindgroup(condgroup, source)
                        item_yes = _parse(source, state, verbose, nested + 1)
                        if source.match("|"):
                            item_no = _parse(source, state, verbose, nested + 1)
                            if source.next == "|":
                                raise source.error("conditional backref with more than two branches")
                        else:
                            item_no = None
                        if not source.match(")"):
                            raise source.error("missing ), unterminated subpattern",
                                               source.tell() - start)
                        subpatternappend((GROUPREF_EXISTS, (condgroup, item_yes, item_no)))
                        continue
    
                    elif char == ">":
                        # non-capturing, atomic group
                        capture = False
                        atomic = True
                    elif char in FLAGS or char == "-":
                        # flags
                        flags = _parse_flags(source, state, char)
                        if flags is None:  # global flags
                            if not first or subpattern:
>                               raise source.error('global flags not at the start '
                                                   'of the expression',
                                                   source.tell() - start)
E                               re.error: global flags not at the start of the expression at position 19

C:\Users\darpa\AppData\Local\Programs\Python\Python311\Lib\re\_parser.py:841: error
_________ TestInputValidator.test_empty_text_raises_validation_error __________

self = <tests.test_validator.TestInputValidator object at 0x000001ADC49C1990>

    def test_empty_text_raises_validation_error(self):
>       with pytest.raises(ValidationError):
E       Failed: DID NOT RAISE <class 'exceptions.ValidationError'>

tests\test_validator.py:15: Failed
____ TestInputValidator.test_sql_injection_string_raises_validation_error _____

self = <tests.test_validator.TestInputValidator object at 0x000001ADC49B1D10>

    def test_sql_injection_string_raises_validation_error(self):
        with pytest.raises(ValidationError):
>           sanitize_text("admin' OR 1=1 --")

tests\test_validator.py:24: 
_ _ _ _ _ _ _ _ _ _ _ _ _ _ _ _ _ _ _ _ _ _ _ _ _ _ _ _ _ _ _ _ _ _ _ _ _ _ _ _
middleware\input_validator.py:45: in sanitize_text
    if re.search(pattern, text):
C:\Users\darpa\AppData\Local\Programs\Python\Python311\Lib\re\__init__.py:176: in search
    return _compile(pattern, flags).search(string)
C:\Users\darpa\AppData\Local\Programs\Python\Python311\Lib\re\__init__.py:294: in _compile
    p = _compiler.compile(pattern, flags)
C:\Users\darpa\AppData\Local\Programs\Python\Python311\Lib\re\_compiler.py:743: in compile
    p = _parser.parse(p, flags)
C:\Users\darpa\AppData\Local\Programs\Python\Python311\Lib\re\_parser.py:980: in parse
    p = _parse_sub(source, state, flags & SRE_FLAG_VERBOSE, 0)
[...]
    
            elif this not in SPECIAL_CHARS:
                subpatternappend((LITERAL, _ord(this)))
    
            elif this == "[":
                here = source.tell() - 1
                # character set
                set = []
                setappend = set.append
    ##          if sourcematch(":"):
    ##              pass # handle character classes
                if source.next == '[':
                    import warnings
                    warnings.warn(
                        'Possible nested set at position %d' % source.tell(),
                        FutureWarning, stacklevel=nested + 6
                    )
                negate = sourcematch("^")
                # check remaining characters
                while True:
                    this = sourceget()
                    if this is None:
                        raise source.error("unterminated character set",
                                           source.tell() - here)
                    if this == "]" and set:
                        break
                    elif this[0] == "\\":
                        code1 = _class_escape(source, this)
                    else:
                        if set and this in '-&~|' and source.next == this:
                            import warnings
                            warnings.warn(
                                'Possible set %s at position %d' % (
                                    'difference' if this == '-' else
                                    'intersection' if this == '&' else
                                    'symmetric difference' if this == '~' else
                                    'union',
                                    source.tell() - 1),
                                FutureWarning, stacklevel=nested + 6
                            )
                        code1 = LITERAL, _ord(this)
                    if sourcematch("-"):
                        # potential range
                        that = sourceget()
                        if that is None:
                            raise source.error("unterminated character set",
                                               source.tell() - here)
                        if that == "]":
                            if code1[0] is IN:
                                code1 = code1[1][0]
                            setappend(code1)
                            setappend((LITERAL, _ord("-")))
                            break
                        if that[0] == "\\":
                            code2 = _class_escape(source, that)
                        else:
                            if that == '-':
                                import warnings
                                warnings.warn(
                                    'Possible set difference at position %d' % (
                                        source.tell() - 2),
                                    FutureWarning, stacklevel=nested + 6
                                )
                            code2 = LITERAL, _ord(that)
                        if code1[0] != LITERAL or code2[0] != LITERAL:
                            msg = "bad character range %s-%s" % (this, that)
                            raise source.error(msg, len(this) + 1 + len(that))
                        lo = code1[1]
                        hi = code2[1]
                        if hi < lo:
                            msg = "bad character range %s-%s" % (this, that)
                            raise source.error(msg, len(this) + 1 + len(that))
                        setappend((RANGE, (lo, hi)))
                    else:
                        if code1[0] is IN:
                            code1 = code1[1][0]
                        setappend(code1)
    
                set = _uniq(set)
                # XXX: <fl> should move set optimization to compiler!
                if _len(set) == 1 and set[0][0] is LITERAL:
                    # optimization
                    if negate:
                        subpatternappend((NOT_LITERAL, set[0][1]))
                    else:
                        subpatternappend(set[0])
                else:
                    if negate:
                        set.insert(0, (NEGATE, None))
                    # charmap optimization can't be added here because
                    # global flags still are not known
                    subpatternappend((IN, set))
    
            elif this in REPEAT_CHARS:
                # repeat previous item
                here = source.tell()
                if this == "?":
                    min, max = 0, 1
                elif this == "*":
                    min, max = 0, MAXREPEAT
    
                elif this == "+":
                    min, max = 1, MAXREPEAT
                elif this == "{":
                    if source.next == "}":
                        subpatternappend((LITERAL, _ord(this)))
                        continue
    
                    min, max = 0, MAXREPEAT
                    lo = hi = ""
                    while source.next in DIGITS:
                        lo += sourceget()
                    if sourcematch(","):
                        while source.next in DIGITS:
                            hi += sourceget()
                    else:
                        hi = lo
                    if not sourcematch("}"):
                        subpatternappend((LITERAL, _ord(this)))
                        source.seek(here)
                        continue
    
                    if lo:
                        min = int(lo)
                        if min >= MAXREPEAT:
                            raise OverflowError("the repetition number is too large")
                    if hi:
                        max = int(hi)
                        if max >= MAXREPEAT:
                            raise OverflowError("the repetition number is too large")
                        if max < min:
                            raise source.error("min repeat greater than max repeat",
                                               source.tell() - here)
                else:
                    raise AssertionError("unsupported quantifier %r" % (char,))
                # figure out which item to repeat
                if subpattern:
                    item = subpattern[-1:]
                else:
                    item = None
                if not item or item[0][0] is AT:
                    raise source.error("nothing to repeat",
                                       source.tell() - here + len(this))
                if item[0][0] in _REPEATCODES:
                    raise source.error("multiple repeat",
                                       source.tell() - here + len(this))
                if item[0][0] is SUBPATTERN:
                    group, add_flags, del_flags, p = item[0][1]
                    if group is None and not add_flags and not del_flags:
                        item = p
                if sourcematch("?"):
                    # Non-Greedy Match
                    subpattern[-1] = (MIN_REPEAT, (min, max, item))
                elif sourcematch("+"):
                    # Possessive Match (Always Greedy)
                    subpattern[-1] = (POSSESSIVE_REPEAT, (min, max, item))
                else:
                    # Greedy Match
                    subpattern[-1] = (MAX_REPEAT, (min, max, item))
    
            elif this == ".":
                subpatternappend((ANY, None))
    
            elif this == "(":
                start = source.tell() - 1
                capture = True
                atomic = False
                name = None
                add_flags = 0
                del_flags = 0
                if sourcematch("?"):
                    # options
                    char = sourceget()
                    if char is None:
                        raise source.error("unexpected end of pattern")
                    if char == "P":
                        # python extensions
                        if sourcematch("<"):
                            # named group: skip forward to end of name
                            name = source.getuntil(">", "group name")
                            source.checkgroupname(name, 1, nested)
                        elif sourcematch("="):
                            # named backreference
                            name = source.getuntil(")", "group name")
                            source.checkgroupname(name, 1, nested)
                            gid = state.groupdict.get(name)
                            if gid is None:
                                msg = "unknown group name %r" % name
                                raise source.error(msg, len(name) + 1)
                            if not state.checkgroup(gid):
                                raise source.error("cannot refer to an open group",
                                                   len(name) + 1)
                            state.checklookbehindgroup(gid, source)
                            subpatternappend((GROUPREF, gid))
                            continue
    
                        else:
                            char = sourceget()
                            if char is None:
                                raise source.error("unexpected end of pattern")
                            raise source.error("unknown extension ?P" + char,
                                               len(char) + 2)
                    elif char == ":":
                        # non-capturing group
                        capture = False
                    elif char == "#":
                        # comment
                        while True:
                            if source.next is None:
                                raise source.error("missing ), unterminated comment",
                                                   source.tell() - start)
                            if sourceget() == ")":
                                break
                        continue
    
                    elif char in "=!<":
                        # lookahead assertions
                        dir = 1
                        if char == "<":
                            char = sourceget()
                            if char is None:
                                raise source.error("unexpected end of pattern")
                            if char not in "=!":
                                raise source.error("unknown extension ?<" + char,
                                                   len(char) + 2)
                            dir = -1 # lookbehind
                            lookbehindgroups = state.lookbehindgroups
                            if lookbehindgroups is None:
                                state.lookbehindgroups = state.groups
                        p = _parse_sub(source, state, verbose, nested + 1)
                        if dir < 0:
                            if lookbehindgroups is None:
                                state.lookbehindgroups = None
                        if not sourcematch(")"):
                            raise source.error("missing ), unterminated subpattern",
                                               source.tell() - start)
                        if char == "=":
                            subpatternappend((ASSERT, (dir, p)))
                        else:
                            subpatternappend((ASSERT_NOT, (dir, p)))
                        continue
    
                    elif char == "(":
                        # conditional backreference group
                        condname = source.getuntil(")", "group name")
                        if condname.isidentifier():
                            source.checkgroupname(condname, 1, nested)
                            condgroup = state.groupdict.get(condname)
                            if condgroup is None:
                                msg = "unknown group name %r" % condname
                                raise source.error(msg, len(condname) + 1)
                        else:
                            try:
                                condgroup = int(condname)
                                if condgroup < 0:
                                    raise ValueError
                            except ValueError:
                                msg = "bad character in group name %r" % condname
                                raise source.error(msg, len(condname) + 1) from None
                            if not condgroup:
                                raise source.error("bad group number",
                                                   len(condname) + 1)
                            if condgroup >= MAXGROUPS:
                                msg = "invalid group reference %d" % condgroup
                                raise source.error(msg, len(condname) + 1)
                            if condgroup not in state.grouprefpos:
                                state.grouprefpos[condgroup] = (
                                    source.tell() - len(condname) - 1
                                )
                            if not (condname.isdecimal() and condname.isascii()):
                                import warnings
                                warnings.warn(
                                    "bad character in group name %s at position %d" %
                                    (repr(condname) if source.istext else ascii(condname),
                                     source.tell() - len(condname) - 1),
                                    DeprecationWarning, stacklevel=nested + 6
                                )
                        state.checklookbehindgroup(condgroup, source)
                        item_yes = _parse(source, state, verbose, nested + 1)
                        if source.match("|"):
                            item_no = _parse(source, state, verbose, nested + 1)
                            if source.next == "|":
                                raise source.error("conditional backref with more than two branches")
                        else:
                            item_no = None
                        if not source.match(")"):
                            raise source.error("missing ), unterminated subpattern",
                                               source.tell() - start)
                        subpatternappend((GROUPREF_EXISTS, (condgroup, item_yes, item_no)))
                        continue
    
                    elif char == ">":
                        # non-capturing, atomic group
                        capture = False
                        atomic = True
                    elif char in FLAGS or char == "-":
                        # flags
                        flags = _parse_flags(source, state, char)
                        if flags is None:  # global flags
                            if not first or subpattern:
>                               raise source.error('global flags not at the start '
                                                   'of the expression',
                                                   source.tell() - start)
E                               re.error: global flags not at the start of the expression at position 19

C:\Users\darpa\AppData\Local\Programs\Python\Python311\Lib\re\_parser.py:841: error
______ TestInputValidator.test_invalid_mime_type_raises_validation_error ______

self = <tests.test_validator.TestInputValidator object at 0x000001ADC49C2F10>

    def test_invalid_mime_type_raises_validation_error(self):
        invalid_b64 = "data:image/gif;base64,R0lGODlh"
>       with pytest.raises(ValidationError, match="Invalid image format"):
E       Failed: DID NOT RAISE <class 'exceptions.ValidationError'>

tests\test_validator.py:50: Failed
______ TestInputValidator.test_malformed_base64_raises_validation_error _______

self = <tests.test_validator.TestInputValidator object at 0x000001ADC49C3810>

    def test_malformed_base64_raises_validation_error(self):
>       with pytest.raises(ValidationError, match="Could not decode"):
E       Failed: DID NOT RAISE <class 'exceptions.ValidationError'>

tests\test_validator.py:61: Failed

---------- coverage: platform win32, python 3.11.3-final-0 -----------
Name                             Stmts   Miss  Cover   Missing
--------------------------------------------------------------
app.py                              73     11    85%   56-58, 91, 95, 99, 108, 117-120
config.py                           24      0   100%
exceptions.py                       10      0   100%
middleware\__init__.py               0      0   100%
middleware\input_validator.py       42      6    86%   46-50, 66, 77, 81
middleware\rate_limiter.py          55      3    95%   29, 50, 67
middleware\security_headers.py      10      0   100%
models\__init__.py                   0      0   100%
models\action_plan.py               47      0   100%
routes\__init__.py                   0      0   100%
routes\api.py                       73      6    92%   124-126, 154, 199-200
routes\views.py                      5      1    80%   10
services\__init__.py                 0      0   100%
services\firestore_service.py       80     58    28%   25-31, 39-81, 85-111, 115-133
services\gemini_service.py          79     17    78%   78-100, 140, 143-144, 151, 158, 184-185
services\secret_service.py          48     19    60%   26-31, 46, 58, 62-70, 74-75
services\storage_service.py         63     37    41%   32-37, 55-105
tests\__init__.py                    0      0   100%
tests\conftest.py                   38      0   100%
tests\test_api.py                  101      4    96%   41, 81, 87-88
tests\test_gemini_service.py        64      1    98%   40
tests\test_models.py                30      0   100%
tests\test_rate_limiter.py          63      0   100%
tests\test_validator.py             44      5    89%   12, 25-28
wsgi.py                              4      4     0%   1-6
--------------------------------------------------------------
TOTAL                              953    172    82%

FAIL Required test coverage of 85% not reached. Total coverage: 81.95%
=========================== short test summary info ===========================
FAILED tests/test_api.py::TestAnalyzeEndpoint::test_analyze_valid_text_returns_200
FAILED tests/test_api.py::TestAnalyzeEndpoint::test_analyze_empty_body_returns_400
FAILED tests/test_api.py::TestAnalyzeEndpoint::test_analyze_text_too_long_returns_400
FAILED tests/test_api.py::TestAnalyzeEndpoint::test_analyze_invalid_image_mime_returns_400
FAILED tests/test_api.py::TestAnalyzeEndpoint::test_analyze_response_contains_session_id_header
FAILED tests/test_api.py::TestAnalyzeEndpoint::test_analyze_response_contains_processing_time_header
FAILED tests/test_api.py::TestAnalyzeEndpoint::test_analyze_critical_severity_has_at_least_three_actions
FAILED tests/test_api.py::TestAnalyzeEndpoint::test_analyze_actions_are_sorted_by_priority_ascending
FAILED tests/test_api.py::TestAnalyzeEndpoint::test_analyze_sql_injection_input_returns_400
FAILED tests/test_api.py::TestAnalyzeEndpoint::test_analyze_script_tag_input_returns_400
FAILED tests/test_api.py::TestAnalyzeEndpoint::test_analyze_null_byte_input_returns_400
FAILED tests/test_gemini_service.py::TestGeminiService::test_analyze_retries_on_transient_api_error
FAILED tests/test_rate_limiter.py::TestRateLimiter::test_429_response_includes_retry_after_header
FAILED tests/test_validator.py::TestInputValidator::test_valid_text_input_passes
FAILED tests/test_validator.py::TestInputValidator::test_empty_text_raises_validation_error
FAILED tests/test_validator.py::TestInputValidator::test_sql_injection_string_raises_validation_error
FAILED tests/test_validator.py::TestInputValidator::test_invalid_mime_type_raises_validation_error
FAILED tests/test_validator.py::TestInputValidator::test_malformed_base64_raises_validation_error
======================== 18 failed, 43 passed in 2.82s ========================
